[02-Nov-2016 10:23:38 UTC] HTTP 404 (GET /favicon.ico)
[02-Nov-2016 10:23:38 UTC] - index.php:34 Base->run()
[02-Nov-2016 10:45:08 UTC] HTTP 404 (GET /contact')
[02-Nov-2016 10:45:08 UTC] - index.php:34 Base->run()
[02-Nov-2016 10:51:13 UTC] HTTP 404 (GET /contact')
[02-Nov-2016 10:51:13 UTC] - index.php:34 Base->run()
[02-Nov-2016 10:51:19 UTC] HTTP 405 (GET /blog/search')
[02-Nov-2016 10:51:19 UTC] - lib/base.php:1306 Base->call('blog->search'',array(Base::__set_state(array('hive'=>array('AGENT'=>'Mozilla/5.0 (Windows NT 10.0; WOW64) AppleWebKit/537.36 (KHTML, like Gecko) Chrome/54.0.2840.71 Safari/537.36','AJAX'=>false,'ALIASES'=>array(),'AUTOLOAD'=>'controllers/; models/; helpers/; utility/;','BASE'=>'','BITMASK'=>2,'BODY'=>'','CACHE'=>'folder=tmp/cache/','CASELESS'=>true,'DEBUG'=>3,'DIACRITICS'=>array(),'DNSBL'=>'','EMOJI'=>array(),'ENCODING'=>'UTF-8','ERROR'=>NULL,'ESCAPE'=>false,'EXEMPT'=>NULL,'FALLBACK'=>'en','HEADERS'=>array('Accept'=>'text/html,application/xhtml+xml,application/xml;q=0.9,image/webp,*/*;q=0.8','Accept-Encoding'=>'gzip, deflate, sdch','Accept-Language'=>'en-US,en;q=0.8','Authorization'=>'','Connection'=>'keep-alive','Cookie'=>'myecs=swbs1e14; _ga=GA1.3.762364327.1477663897; badprotocol=2; fos.web.server=uos-web00023-si; runId=2009408632451800807; usid=YzRml40XVuMdUtAiQhHirQ__; PHPSESSID=imv64kcdmr2paim1pmi211eqh1','Host'=>'swbs1e14.robpress.ecs.soton.ac.uk','Upgrade-Insecure-Requests'=>'1','User-Agent'=>'Mozilla/5.0 (Windows NT 10.0; WOW64) AppleWebKit/537.36 (KHTML, like Gecko) Chrome/54.0.2840.71 Safari/537.36'),'HALT'=>true,'HIGHLIGHT'=>true,'HOST'=>'swbs1e14.robpress.ecs.soton.ac.uk','IP'=>'152.78.0.20','JAR'=>array('expire'=>0,'path'=>'/','domain'=>'swbs1e14.robpress.ecs.soton.ac.uk','secure'=>false,'httponly'=>true),'LANGUAGE'=>'en-US,en','LOCALES'=>'./','LOGS'=>'./','ONERROR'=>'Error->error','PACKAGE'=>'Fat-Free Framework','PARAMS'=>array(0=>'/blog/search'','controller'=>'blog','action'=>'search''),'PATH'=>'/blog/search'','PATTERN'=>'/@controller/@action','PLUGINS'=>'/home/swbs1e14/lib/','PORT'=>'80','PREFIX'=>NULL,'QUIET'=>false,'RAW'=>false,'REALM'=>'http://swbs1e14.robpress.ecs.soton.ac.uk/blog/search'','RESPONSE'=>'','ROOT'=>'/home/swbs1e14','ROUTES'=>array('/api/' . "
[02-Nov-2016 10:51:19 UTC] - index.php:34 Base->run()
[02-Nov-2016 10:51:33 UTC] HTTP 404 (GET /')
[02-Nov-2016 10:51:33 UTC] - index.php:34 Base->run()
[02-Nov-2016 10:51:45 UTC] HTTP 404 (GET /admin')
[02-Nov-2016 10:51:45 UTC] - index.php:34 Base->run()
[02-Nov-2016 10:52:03 UTC] HTTP 404 (GET /pages/contact)
[02-Nov-2016 10:52:03 UTC] - index.php:34 Base->run()
[02-Nov-2016 10:53:10 UTC] HTTP 404 (GET /admin/favicon.ico)
[02-Nov-2016 10:53:10 UTC] - index.php:34 Base->run()
[08-Nov-2016 18:31:58 UTC] HTTP 404 (GET /favicon.ico)
[08-Nov-2016 18:31:58 UTC] - index.php:34 Base->run()
[09-Nov-2016 10:13:06 UTC] HTTP 404 (GET /favicon.ico)
[09-Nov-2016 10:13:06 UTC] - index.php:34 Base->run()
[09-Nov-2016 10:34:50 UTC] HTTP 404 (GET /favicon.ico)
[09-Nov-2016 10:34:50 UTC] - index.php:34 Base->run()
[12-Nov-2016 11:03:28 UTC] HTTP 404 (GET /favicon.ico)
[12-Nov-2016 11:03:28 UTC] - index.php:34 Base->run()
[12-Nov-2016 15:02:49 UTC] HTTP 404 (GET /favicon.ico)
[12-Nov-2016 15:02:49 UTC] - index.php:34 Base->run()
[16-Nov-2016 09:00:19 UTC] HTTP 404 (GET /favicon.ico)
[16-Nov-2016 09:00:19 UTC] - index.php:34 Base->run()
[16-Nov-2016 09:13:38 UTC] HTTP 404 (GET /favicon.ico)
[16-Nov-2016 09:13:38 UTC] - index.php:34 Base->run()
[16-Nov-2016 09:14:13 UTC] HTTP 404 (GET /favicon.ico)
[16-Nov-2016 09:14:13 UTC] - index.php:34 Base->run()
[16-Nov-2016 09:40:06 UTC] PDOStatement: You have an error in your SQL syntax; check the manual that corresponds to your MySQL server version for the right syntax to use near '%'' at line 1
[16-Nov-2016 09:40:06 UTC] - controllers/blog.php:111 DB\SQL->exec('SELECT id FROM `posts` WHERE `title` LIKE "%'%" OR `content` LIKE '%'%'')
[16-Nov-2016 09:40:06 UTC] - lib/base.php:1306 Base->call('blog->search',array(Base::__set_state(array('hive'=>array('AGENT'=>'Mozilla/5.0 (Windows NT 10.0; WOW64) AppleWebKit/537.36 (KHTML, like Gecko) Chrome/54.0.2840.71 Safari/537.36','AJAX'=>false,'ALIASES'=>array(),'AUTOLOAD'=>'controllers/; models/; helpers/; utility/;','BASE'=>'','BITMASK'=>2,'BODY'=>'search=%27&Search=Search','CACHE'=>'folder=tmp/cache/','CASELESS'=>true,'DEBUG'=>3,'DIACRITICS'=>array(),'DNSBL'=>'','EMOJI'=>array(),'ENCODING'=>'UTF-8','ERROR'=>NULL,'ESCAPE'=>false,'EXEMPT'=>NULL,'FALLBACK'=>'en','HEADERS'=>array('Accept'=>'text/html,application/xhtml+xml,application/xml;q=0.9,image/webp,*/*;q=0.8','Accept-Encoding'=>'gzip, deflate','Accept-Language'=>'en-US,en;q=0.8','Authorization'=>'','Cache-Control'=>'max-age=0','Connection'=>'keep-alive','Cookie'=>'myecs=swbs1e14; RobPress_User=YTo5OntzOjI6ImlkIjtpOjM7czo4OiJ1c2VybmFtZSI7czo4OiJzd2JzMWUxNCI7czoxMToiZGlzcGxheW5hbWUiO3M6ODoic3diczFlMTQiO3M6NToiZW1haWwiO3M6MjE6InN3YnMxZTE0QHJvYnByZXNzLm9yZyI7czo4OiJwYXNzd29yZCI7czo1OiJhZG1pbiI7czo1OiJsZXZlbCI7aToyO3M6NzoiY3JlYXRlZCI7czoxOToiMjAxNi0xMS0wMiAxMDoyNDoyNiI7czozOiJiaW8iO3M6MDoiIjtzOjY6ImF2YXRhciI7czowOiIiO30%3D; _ga=GA1.3.762364327.1477663897; PHPSESSID=deku0rhsgrbv4jmql6d8ifclb5','Host'=>'swbs1e14.robpress.ecs.soton.ac.uk','Origin'=>'http://swbs1e14.robpress.ecs.soton.ac.uk','Referer'=>'http://swbs1e14.robpress.ecs.soton.ac.uk/blog/search','Upgrade-Insecure-Requests'=>'1','User-Agent'=>'Mozilla/5.0 (Windows NT 10.0; WOW64) AppleWebKit/537.36 (KHTML, like Gecko) Chrome/54.0.2840.71 Safari/537.36'),'HALT'=>true,'HIGHLIGHT'=>true,'HOST'=>'swbs1e14.robpress.ecs.soton.ac.uk','IP'=>'152.78.0.20','JAR'=>array('expire'=>0,'path'=>'/','domain'=>'swbs1e14.robpress.ecs.soton.ac.uk','secure'=>false,'httponly'=>true),'LANGUAGE'=>'en-US,en','LOCALES'=>'./','LOGS'=>'./','ONERROR'=>'Error->error','PACKAGE'=>'Fat-Free Framework','PARAMS'=>array(0=>'/blog/search','controller'=>'blog','action'=>'search'),'PATH'=>'/blog/search','PATTERN'=>'/@controller/@action','PLUGINS'=>'/home/swbs1e14/lib/','PORT'=>'80','PREFIX'=>NULL,'QUIET'=>false,'RAW'=>false,'REALM'=>'http://swbs1e14.robpress.ecs.soton.ac.uk/blog/search','RESPONSE'=>'','ROOT'=>'/home/swbs1e14','ROUTES'=>array('/api/' . "
[16-Nov-2016 09:40:06 UTC] - index.php:34 Base->run()
[16-Nov-2016 09:40:23 UTC] PDOStatement: You have an error in your SQL syntax; check the manual that corresponds to your MySQL server version for the right syntax to use near '%'' at line 1
[16-Nov-2016 09:40:23 UTC] - controllers/blog.php:111 DB\SQL->exec('SELECT id FROM `posts` WHERE `title` LIKE "%'''''%" OR `content` LIKE '%'''''%'')
[16-Nov-2016 09:40:23 UTC] - lib/base.php:1306 Base->call('blog->search',array(Base::__set_state(array('hive'=>array('AGENT'=>'Mozilla/5.0 (Windows NT 10.0; WOW64) AppleWebKit/537.36 (KHTML, like Gecko) Chrome/54.0.2840.71 Safari/537.36','AJAX'=>false,'ALIASES'=>array(),'AUTOLOAD'=>'controllers/; models/; helpers/; utility/;','BASE'=>'','BITMASK'=>2,'BODY'=>'search=%27%27%27%27%27&Search=Search','CACHE'=>'folder=tmp/cache/','CASELESS'=>true,'DEBUG'=>3,'DIACRITICS'=>array(),'DNSBL'=>'','EMOJI'=>array(),'ENCODING'=>'UTF-8','ERROR'=>NULL,'ESCAPE'=>false,'EXEMPT'=>NULL,'FALLBACK'=>'en','HEADERS'=>array('Accept'=>'text/html,application/xhtml+xml,application/xml;q=0.9,image/webp,*/*;q=0.8','Accept-Encoding'=>'gzip, deflate','Accept-Language'=>'en-US,en;q=0.8','Authorization'=>'','Cache-Control'=>'max-age=0','Connection'=>'keep-alive','Cookie'=>'myecs=swbs1e14; RobPress_User=YTo5OntzOjI6ImlkIjtpOjM7czo4OiJ1c2VybmFtZSI7czo4OiJzd2JzMWUxNCI7czoxMToiZGlzcGxheW5hbWUiO3M6ODoic3diczFlMTQiO3M6NToiZW1haWwiO3M6MjE6InN3YnMxZTE0QHJvYnByZXNzLm9yZyI7czo4OiJwYXNzd29yZCI7czo1OiJhZG1pbiI7czo1OiJsZXZlbCI7aToyO3M6NzoiY3JlYXRlZCI7czoxOToiMjAxNi0xMS0wMiAxMDoyNDoyNiI7czozOiJiaW8iO3M6MDoiIjtzOjY6ImF2YXRhciI7czowOiIiO30%3D; _ga=GA1.3.762364327.1477663897; PHPSESSID=deku0rhsgrbv4jmql6d8ifclb5','Host'=>'swbs1e14.robpress.ecs.soton.ac.uk','Origin'=>'http://swbs1e14.robpress.ecs.soton.ac.uk','Referer'=>'http://swbs1e14.robpress.ecs.soton.ac.uk/blog/search','Upgrade-Insecure-Requests'=>'1','User-Agent'=>'Mozilla/5.0 (Windows NT 10.0; WOW64) AppleWebKit/537.36 (KHTML, like Gecko) Chrome/54.0.2840.71 Safari/537.36'),'HALT'=>true,'HIGHLIGHT'=>true,'HOST'=>'swbs1e14.robpress.ecs.soton.ac.uk','IP'=>'152.78.0.20','JAR'=>array('expire'=>0,'path'=>'/','domain'=>'swbs1e14.robpress.ecs.soton.ac.uk','secure'=>false,'httponly'=>true),'LANGUAGE'=>'en-US,en','LOCALES'=>'./','LOGS'=>'./','ONERROR'=>'Error->error','PACKAGE'=>'Fat-Free Framework','PARAMS'=>array(0=>'/blog/search','controller'=>'blog','action'=>'search'),'PATH'=>'/blog/search','PATTERN'=>'/@controller/@action','PLUGINS'=>'/home/swbs1e14/lib/','PORT'=>'80','PREFIX'=>NULL,'QUIET'=>false,'RAW'=>false,'REALM'=>'http://swbs1e14.robpress.ecs.soton.ac.uk/blog/search','RESPONSE'=>'','ROOT'=>'/home/swbs1e14','ROUTES'=>array('/api/' . "
[16-Nov-2016 09:40:23 UTC] - index.php:34 Base->run()
[16-Nov-2016 09:57:23 UTC] HTTP 404 (GET /favicon.ico)
[16-Nov-2016 09:57:23 UTC] - index.php:34 Base->run()
[16-Nov-2016 10:17:38 UTC] HTTP 404 (GET /index)
[16-Nov-2016 10:17:38 UTC] - index.php:34 Base->run()
[16-Nov-2016 10:17:50 UTC] HTTP 404 (GET /index/1)
[16-Nov-2016 10:17:50 UTC] - index.php:34 Base->run()
[16-Nov-2016 10:18:00 UTC] HTTP 404 (GET /index1)
[16-Nov-2016 10:18:00 UTC] - index.php:34 Base->run()
[16-Nov-2016 10:18:05 UTC] HTTP 404 (GET /index0)
[16-Nov-2016 10:18:05 UTC] - index.php:34 Base->run()
